2023-05-05 FL001 from LAX to JFK departed.
2023-04-11 FL002 from ATL to LAX departed.
2023-11-18 FL003 from ORD to SFO departed.
2023-05-02 FL004 from LAX to SEA departed.
2023-03-17 FL005 from LAX to DEN departed.
2023-07-25 FL006 from JFK to SFO departed.
2023-07-16 FL007 from JFK to SFO departed.
2023-06-08 FL008 from SFO to JFK departed.
2023-03-30 FL009 from JFK to SEA departed.
2023-08-07 FL010 from SFO to SFO departed.
2023-10-11 FL011 from LAX to JFK departed.
2023-07-25 FL012 from JFK to LAX departed.
2023-07-14 FL013 from SFO to SFO departed.
2023-02-12 FL014 from SFO to LAX departed.
2023-05-04 FL015 from ATL to JFK departed.
2023-07-02 FL016 from ORD to LAX departed.
2023-06-03 FL017 from LAX to SFO departed.
2023-09-30 FL018 from ORD to DEN departed.
2023-12-29 FL019 from LAX to LAX departed.
2023-08-07 FL020 from LAX to LAX departed.
2023-04-29 FL021 from ORD to LAX departed.
2023-05-26 FL022 from LAX to SFO departed.
2023-05-29 FL023 from ATL to LAX departed.
2023-10-05 FL024 from SFO to DEN departed.
2023-03-16 FL025 from JFK to JFK departed.
2023-09-06 FL026 from JFK to SEA departed.
2023-04-23 FL027 from SFO to LAX departed.
2023-10-05 FL028 from ORD to LAX departed.
2023-08-31 FL029 from ATL to SFO departed.
2023-02-28 FL030 from SFO to SEA departed.
2023-04-23 FL031 from SFO to SEA departed.
2023-04-13 FL032 from ORD to SEA departed.
2023-04-05 FL033 from ATL to SEA departed.
2023-10-14 FL034 from JFK to SEA departed.
2023-01-06 FL035 from ORD to JFK departed.
2023-03-07 FL036 from LAX to SEA departed.
2023-08-04 FL037 from ATL to LAX departed.
2023-07-10 FL038 from JFK to SFO departed.
2023-11-29 FL039 from JFK to DEN departed.
2023-08-05 FL040 from LAX to DEN departed.
2023-10-01 FL041 from LAX to DEN departed.
2023-10-28 FL042 from ATL to JFK departed.
2023-05-26 FL043 from ORD to SFO departed.
2023-04-15 FL044 from JFK to SEA departed.
2023-11-28 FL045 from ORD to LAX departed.
2023-04-05 FL046 from SFO to DEN departed.
2023-02-01 FL047 from ATL to SFO departed.
2023-03-27 FL048 from LAX to JFK departed.
2023-09-25 FL049 from SFO to DEN departed.
2023-02-05 FL050 from ORD to SFO departed.
2023-09-16 FL051 from SFO to DEN departed.
2023-08-17 FL052 from ATL to SFO departed.
2023-02-12 FL053 from SFO to SEA departed.
2023-03-10 FL054 from LAX to DEN departed.
2023-02-03 FL055 from ORD to DEN departed.
2023-11-10 FL056 from SFO to JFK departed.
2023-04-30 FL057 from LAX to DEN departed.
2023-01-23 FL058 from ATL to LAX departed.
2023-07-30 FL059 from JFK to DEN departed.
2023-05-15 FL060 from JFK to DEN departed.
2023-09-17 FL061 from ORD to DEN departed.
2023-11-25 FL062 from ORD to DEN departed.
2023-08-17 FL063 from JFK to SEA departed.
2023-07-21 FL064 from SFO to LAX departed.
2023-04-15 FL065 from ORD to SEA departed.
2023-08-18 FL066 from ATL to SFO departed.
2023-09-30 FL067 from ATL to LAX departed.
2023-11-09 FL068 from LAX to SEA departed.
2023-01-17 FL069 from SFO to JFK departed.
2023-10-28 FL070 from ATL to SEA departed.
2023-04-16 FL071 from LAX to DEN departed.
2023-09-05 FL072 from LAX to JFK departed.
2023-02-14 FL073 from ORD to SFO departed.
2023-02-03 FL074 from LAX to SEA departed.
2023-05-25 FL075 from ORD to DEN departed.
2023-05-11 FL076 from ATL to DEN departed.
2023-03-11 FL077 from ORD to DEN departed.
2023-05-17 FL078 from LAX to LAX departed.
2023-02-19 FL079 from ATL to DEN departed.
2023-04-22 FL080 from LAX to LAX departed.
2023-07-21 FL081 from ATL to SEA departed.
2023-05-22 FL082 from JFK to JFK departed.
2023-07-29 FL083 from LAX to LAX departed.
2023-10-02 FL084 from LAX to SEA departed.
2023-05-05 FL085 from ORD to SEA departed.
2023-02-09 FL086 from ORD to LAX departed.
2023-06-11 FL087 from SFO to LAX departed.
2023-05-21 FL088 from ATL to DEN departed.
2023-07-08 FL089 from LAX to SEA departed.
2023-11-06 FL090 from LAX to DEN departed.
2023-10-25 FL091 from SFO to DEN departed.
2023-12-14 FL092 from ATL to DEN departed.
2023-09-02 FL093 from ATL to SFO departed.
2023-05-22 FL094 from LAX to SEA departed.
2023-12-16 FL095 from ATL to LAX departed.
2023-05-27 FL096 from ORD to SFO departed.
2023-12-31 FL097 from JFK to LAX departed.
2023-11-17 FL098 from ORD to DEN departed.
2023-03-21 FL099 from SFO to SFO departed.
2023-06-23 FL100 from JFK to LAX departed.
